/*C16*/SET SCHEMA PUBLIC
CREATE TABLE if not EXISTS users ( id INTEGER IDENTITY PRIMARY KEY, login VARCHAR(60) NOT NULL , password VARCHAR(60) NOT NULL )
DISCONNECT
/*C17*/SET SCHEMA PUBLIC
DISCONNECT
/*C19*/SET SCHEMA PUBLIC
INSERT INTO USERS VALUES(1,'Negodya1','12345')
COMMIT
/*C20*/SET SCHEMA PUBLIC
DISCONNECT
/*C22*/SET SCHEMA PUBLIC
CREATE TABLE if not EXISTS tasks ( id INTEGER IDENTITY PRIMARY KEY, text LONGVARCHAR NOT NULL , color VARCHAR(25) NOT NULL , user_id numeric(10) NOT NULL )
DISCONNECT
/*C23*/SET SCHEMA PUBLIC
DISCONNECT
/*C21*/SET SCHEMA PUBLIC
DISCONNECT
/*C24*/SET SCHEMA PUBLIC
INSERT INTO TASKS VALUES(2,'Maximka','#bed9d4',1)
COMMIT
/*C25*/SET SCHEMA PUBLIC
CREATE TABLE if not EXISTS tasks ( id INTEGER IDENTITY PRIMARY KEY, text LONGVARCHAR NOT NULL , color VARCHAR(25) NOT NULL , user_id numeric(10) NOT NULL )
DISCONNECT
/*C26*/SET SCHEMA PUBLIC
DISCONNECT
